1
confidence_interval_raw_percentiles:
- "2.28"
- "15.87"
- "50"
- "84.13"
- "97.72"
confidence_interval_values:
- "2835.1032021419957411515944716757377"
- "2835.1044629717028663311913829100327"
- "2835.10501007776410927360441246107164"
- "2835.1051100376955439600151667183302"
- "3140.805093487700140407228555600568"
inference_block_height: "1018257"
inferer_weights:
- weight: "0.0001980153277467400124591229483876613"
  worker: allo12pyzj4eq6swrzrucyrewarujfj9hmjflyuhuhs
- weight: "0.2752528752965118768193022295311498"
  worker: allo12ydngw2yypm60ne4ynq8e5sjm87jccpr04fucr
- weight: "0.0001980153277467400124591229483876613"
  worker: allo13ma36gjpw5xhmgqcz7hkn420vfgk3ad0slha6w
- weight: "0.1094960579323698030509440889036352"
  worker: allo1554yq09wjvf6qhl8995euuys92dxas683en8h2
- weight: "0.06025592170125646766631697241533011"
  worker: allo18aqe0sfsr7cfkcfggwhncchadzjl8lq8xzafwv
- weight: "0.001505709039314216345448291800678119"
  worker: allo18gznf0u3y4ldcjwu7q490xjqvx0yz9lefwtv6e
- weight: "0.01689613174030112346459619189286198"
  worker: allo18jjq4ygfret2re3hdzp0xsyqqevlrpx5dqjqc0
- weight: "0.05931220950749316398734332967845825"
  worker: allo1amwyxc78y9mahfy2v7a8v42nqu2gk9ys2cw4h8
- weight: "0.2623068595314061054772211715865299"
  worker: allo1c2ywacmkp3gjt2wjkwjjxumwvf2dhx5psnyclv
- weight: "0.04952153359305070265410168570582548"
  worker: allo1fwqaezjf3ne6jcghn4uy5u2et3ngxlelmq23rl
- weight: "0.0001980153277467400124591229483876613"
  worker: allo1g5ls86zrqvnw6vg7g0mcxafhlzr5rs5pea6x9y
- weight: "0.001505706258916159966203508193341756"
  worker: allo1gtlwlgupsa057zynrn8p97ppa9qgryvrh4v6qv
- weight: "0.0001980153277467400124591229483876613"
  worker: allo1hpvhmtmemkde3gcy7edn78ss6flfpumumuxcgs
- weight: "0.0001980153277467400124591229483876613"
  worker: allo1l8mwcnm45zxl5wchazzh33qh3p8k8fr0kzaeuf
- weight: "0.04050049937520629019745495033585171"
  worker: allo1mnzzd2hmxfp8ghdhmspzgkhmfptreyl0p9a27t
- weight: "0.001505705782317827289941066653723145"
  worker: allo1n0r8gweztnm4xl8qpwu29vy3az72nd0f5zjlue
- weight: "0.0001980153277467400124591229483876613"
  worker: allo1p2adhs5p78ytl7jeqknjfnvlydejsqfcv56wjk
- weight: "0.0001980153277467400124591229483876613"
  worker: allo1ptn76rv5tgcynxfe7rysmgjmnuzgtmj6flmcks
- weight: "0.0001980153277467400124591229483876613"
  worker: allo1q7nhd0wulkl0zeyunjxswtkehgvma7z9x6025w
- weight: "0.0001980153277467400124591229483876613"
  worker: allo1qm3e7nagauhwlxvfn0yqrdxyty2knts3g9jpu9
- weight: "0.06025592170125234260605342558120531"
  worker: allo1rw098j223ymdcvh7vuddnwtvyayw2jy8svak6x
- weight: "0.04952153338092388900096132068783521"
  worker: allo1t3puupuds9wzca8h25jtxw5n5am2fvm2dnz2k3
- weight: "0.1032806927111762934915632847738498"
  worker: allo1t72fvc523demv4jv56fmqx3fac55wmnw409hg7
- weight: "0.2568342806715149717259920120305583"
  worker: allo1t8y6c37c34wqfkr6k6cv25g67ydyzdac6naw7w
- weight: "0.2690996750255427707783945422723773"
  worker: allo1vw0utc4et028hjecs4456mwz5hsxm0e74wf4yq
- weight: "0.001505709041250132038234175712393624"
  worker: allo1w63amp7we0slrjq259vphjm7pscyx9zg5ll2fn
- weight: "0.06972958863018499673334737074009203"
  worker: allo1wz58xkgwtmk4e7dku8xdxkkeq2x86z9v725h4r
- weight: "0.0001980153277467400124591229483876613"
  worker: allo1x5fwdnd64rd5a38ujzx9lvk4473sh7ya9qgg67
- weight: "0.001505706258917553887639045251822609"
  worker: allo1xjmzjkekrw536pchfvdg5gwaa562rkdk2rh5zr
- weight: "0.0001980153277467400124591229483876613"
  worker: allo1yatx6xj8jjqe4a4ts0tcqe4usjdfpzrml8k3d6
- weight: "0.2083342089347981165913044499058072"
  worker: allo1z9wqfju5xxrhj0h7s0qh86ktqgf6amcmctdnjw
- weight: "0.2623068595313830875060601343201067"
  worker: allo1zs6077lhlf7uypd55ph4xf2lr96qcrh04lctql
network_inferences:
  combined_value: "-477378.7812602309262852795613717230"
  inferer_values:
  - value: "2835.105116437946"
    worker: allo12pyzj4eq6swrzrucyrewarujfj9hmjflyuhuhs
  - value: "2835.1049169220496"
    worker: allo12ydngw2yypm60ne4ynq8e5sjm87jccpr04fucr
  - value: "2835.1048664630944"
    worker: allo13ma36gjpw5xhmgqcz7hkn420vfgk3ad0slha6w
  - value: "2835.104011432428"
    worker: allo1554yq09wjvf6qhl8995euuys92dxas683en8h2
  - value: "2835.105102199843"
    worker: allo18aqe0sfsr7cfkcfggwhncchadzjl8lq8xzafwv
  - value: "2382.5285568932886"
    worker: allo18gznf0u3y4ldcjwu7q490xjqvx0yz9lefwtv6e
  - value: "2835.10471463624"
    worker: allo18jjq4ygfret2re3hdzp0xsyqqevlrpx5dqjqc0
  - value: "2835.1050102818554"
    worker: allo1amwyxc78y9mahfy2v7a8v42nqu2gk9ys2cw4h8
  - value: "2835.105128387717"
    worker: allo1c2ywacmkp3gjt2wjkwjjxumwvf2dhx5psnyclv
  - value: "2835.1050036861852"
    worker: allo1fwqaezjf3ne6jcghn4uy5u2et3ngxlelmq23rl
  - value: "2835.1051236296626"
    worker: allo1g5ls86zrqvnw6vg7g0mcxafhlzr5rs5pea6x9y
  - value: "2835.1048685209535"
    worker: allo1gtlwlgupsa057zynrn8p97ppa9qgryvrh4v6qv
  - value: "2835.104921718812"
    worker: allo1hpvhmtmemkde3gcy7edn78ss6flfpumumuxcgs
  - value: "2835.105042213385"
    worker: allo1l8mwcnm45zxl5wchazzh33qh3p8k8fr0kzaeuf
  - value: "2835.1051199802605"
    worker: allo1mnzzd2hmxfp8ghdhmspzgkhmfptreyl0p9a27t
  - value: "3318.884081894887"
    worker: allo1n0r8gweztnm4xl8qpwu29vy3az72nd0f5zjlue
  - value: "2835.1049320284656"
    worker: allo1p2adhs5p78ytl7jeqknjfnvlydejsqfcv56wjk
  - value: "2835.105112120058"
    worker: allo1ptn76rv5tgcynxfe7rysmgjmnuzgtmj6flmcks
  - value: "2835.105013567285"
    worker: allo1q7nhd0wulkl0zeyunjxswtkehgvma7z9x6025w
  - value: "2835.105125752816"
    worker: allo1qm3e7nagauhwlxvfn0yqrdxyty2knts3g9jpu9
  - value: "2835.1030174310727"
    worker: allo1rw098j223ymdcvh7vuddnwtvyayw2jy8svak6x
  - value: "2835.105090828496"
    worker: allo1t3puupuds9wzca8h25jtxw5n5am2fvm2dnz2k3
  - value: "2835.10510455459"
    worker: allo1t72fvc523demv4jv56fmqx3fac55wmnw409hg7
  - value: "2835.1043529624585"
    worker: allo1t8y6c37c34wqfkr6k6cv25g67ydyzdac6naw7w
  - value: "2835.1050836915238"
    worker: allo1vw0utc4et028hjecs4456mwz5hsxm0e74wf4yq
  - value: "2381.7809328580083"
    worker: allo1w63amp7we0slrjq259vphjm7pscyx9zg5ll2fn
  - value: "2835.104921029284"
    worker: allo1wz58xkgwtmk4e7dku8xdxkkeq2x86z9v725h4r
  - value: "277.54804537645435"
    worker: allo1x5fwdnd64rd5a38ujzx9lvk4473sh7ya9qgg67
  - value: "2835.1048570239363"
    worker: allo1xjmzjkekrw536pchfvdg5gwaa562rkdk2rh5zr
  - value: "-5244616197.139929"
    worker: allo1yatx6xj8jjqe4a4ts0tcqe4usjdfpzrml8k3d6
  - value: "2835.1049264059693"
    worker: allo1z9wqfju5xxrhj0h7s0qh86ktqgf6amcmctdnjw
  - value: "2835.105104965274"
    worker: allo1zs6077lhlf7uypd55ph4xf2lr96qcrh04lctql
  naive_value: "-477378.7812601022793740234325878176"
  one_out_inferer_values:
  - value: "-169178520.1184464368918177419354839"
    worker: allo12pyzj4eq6swrzrucyrewarujfj9hmjflyuhuhs
  - value: "-14500.70178111096132780506300451036"
    worker: allo12ydngw2yypm60ne4ynq8e5sjm87jccpr04fucr
  - value: "-169178520.1184383731869274193548387"
    worker: allo13ma36gjpw5xhmgqcz7hkn420vfgk3ad0slha6w
  - value: "2835.105083691523800000000000000000"
    worker: allo1554yq09wjvf6qhl8995euuys92dxas683en8h2
  - value: "2835.103685196765600095710674130351"
    worker: allo18aqe0sfsr7cfkcfggwhncchadzjl8lq8xzafwv
  - value: "-639868.1645467927186207097086802122"
    worker: allo18gznf0u3y4ldcjwu7q490xjqvx0yz9lefwtv6e
  - value: "2835.104921029284000000000000000001"
    worker: allo18jjq4ygfret2re3hdzp0xsyqqevlrpx5dqjqc0
  - value: "-210649.9501346114692624888622634071"
    worker: allo1amwyxc78y9mahfy2v7a8v42nqu2gk9ys2cw4h8
  - value: "-14500.70378409510681277641188934672"
    worker: allo1c2ywacmkp3gjt2wjkwjjxumwvf2dhx5psnyclv
  - value: "-194640.4367608520047661268317349027"
    worker: allo1fwqaezjf3ne6jcghn4uy5u2et3ngxlelmq23rl
  - value: "-169178520.1184466688826758064516129"
    worker: allo1g5ls86zrqvnw6vg7g0mcxafhlzr5rs5pea6x9y
  - value: "-639932.6286145759264093542433150318"
    worker: allo1gtlwlgupsa057zynrn8p97ppa9qgryvrh4v6qv
  - value: "-169178520.1184401556294306451612903"
    worker: allo1hpvhmtmemkde3gcy7edn78ss6flfpumumuxcgs
  - value: "-169178520.1184440425511403225806452"
    worker: allo1l8mwcnm45zxl5wchazzh33qh3p8k8fr0kzaeuf
  - value: "-194640.4367898962488247505086946446"
    worker: allo1mnzzd2hmxfp8ghdhmspzgkhmfptreyl0p9a27t
  - value: "-640001.5364817536028739482969313873"
    worker: allo1n0r8gweztnm4xl8qpwu29vy3az72nd0f5zjlue
  - value: "-169178520.1184404881989016129032258"
    worker: allo1p2adhs5p78ytl7jeqknjfnvlydejsqfcv56wjk
  - value: "-169178520.1184462976051080645161290"
    worker: allo1ptn76rv5tgcynxfe7rysmgjmnuzgtmj6flmcks
  - value: "-169178520.1184431184833983870967742"
    worker: allo1q7nhd0wulkl0zeyunjxswtkehgvma7z9x6025w
  - value: "-169178520.1184467373714951612903226"
    worker: allo1qm3e7nagauhwlxvfn0yqrdxyty2knts3g9jpu9
  - value: "2835.104727581150749973607676160228"
    worker: allo1rw098j223ymdcvh7vuddnwtvyayw2jy8svak6x
  - value: "-192541.4022948658859678932741967770"
    worker: allo1t3puupuds9wzca8h25jtxw5n5am2fvm2dnz2k3
  - value: "-169178520.1184460535577532258064516"
    worker: allo1t72fvc523demv4jv56fmqx3fac55wmnw409hg7
  - value: "-78264.97443627103569501285703470830"
    worker: allo1t8y6c37c34wqfkr6k6cv25g67ydyzdac6naw7w
  - value: "2835.104011432428000000000000000000"
    worker: allo1vw0utc4et028hjecs4456mwz5hsxm0e74wf4yq
  - value: "-639868.0580572277039651680776515793"
    worker: allo1w63amp7we0slrjq259vphjm7pscyx9zg5ll2fn
  - value: "-287778.7555452619326845778029269955"
    worker: allo1wz58xkgwtmk4e7dku8xdxkkeq2x86z9v725h4r
  - value: "-169178437.6166054349082161290322581"
    worker: allo1x5fwdnd64rd5a38ujzx9lvk4473sh7ya9qgg67
  - value: "-639932.6286129382789916536001149229"
    worker: allo1xjmzjkekrw536pchfvdg5gwaa562rkdk2rh5zr
  - value: "2738.986232448203214516129032258065"
    worker: allo1yatx6xj8jjqe4a4ts0tcqe4usjdfpzrml8k3d6
  - value: "2835.104352962458500000000000000000"
    worker: allo1z9wqfju5xxrhj0h7s0qh86ktqgf6amcmctdnjw
  - value: "-14500.70377238511450618565937469177"
    worker: allo1zs6077lhlf7uypd55ph4xf2lr96qcrh04lctql
  topic_id: "1"

